Determining if the pthread_create exist failed with the following output:
Change Dir: /home/slbs/Desktop/code/ORB_SLAM2_dense/build/CMakeFiles/CMakeTmp

Run Build Command:"/usr/bin/make" "cmTC_d6a21/fast"
/usr/bin/make -f CMakeFiles/cmTC_d6a21.dir/build.make CMakeFiles/cmTC_d6a21.dir/build
make[1]: Entering directory '/home/slbs/Desktop/code/ORB_SLAM2_dense/build/CMakeFiles/CMakeTmp'
Building C object CMakeFiles/cmTC_d6a21.dir/CheckSymbolExists.c.o
/usr/bin/cc   -fPIC    -o CMakeFiles/cmTC_d6a21.dir/CheckSymbolExists.c.o   -c /home/slbs/Desktop/code/ORB_SLAM2_dense/build/CMakeFiles/CMakeTmp/CheckSymbolExists.c
Linking C executable cmTC_d6a21
/usr/bin/cmake -E cmake_link_script CMakeFiles/cmTC_d6a21.dir/link.txt --verbose=1
/usr/bin/cc -fPIC     -rdynamic CMakeFiles/cmTC_d6a21.dir/CheckSymbolExists.c.o  -o cmTC_d6a21 
CMakeFiles/cmTC_d6a21.dir/CheckSymbolExists.c.o: In function `main':
CheckSymbolExists.c:(.text+0x1b): undefined reference to `pthread_create'
collect2: error: ld returned 1 exit status
CMakeFiles/cmTC_d6a21.dir/build.make:97: recipe for target 'cmTC_d6a21' failed
make[1]: *** [cmTC_d6a21] Error 1
make[1]: Leaving directory '/home/slbs/Desktop/code/ORB_SLAM2_dense/build/CMakeFiles/CMakeTmp'
Makefile:126: recipe for target 'cmTC_d6a21/fast' failed
make: *** [cmTC_d6a21/fast] Error 2

File /home/slbs/Desktop/code/ORB_SLAM2_dense/build/CMakeFiles/CMakeTmp/CheckSymbolExists.c:
/* */
#include <pthread.h>

int main(int argc, char** argv)
{
  (void)argv;
#ifndef pthread_create
  return ((int*)(&pthread_create))[argc];
#else
  (void)argc;
  return 0;
#endif
}

Determining if the function pthread_create exists in the pthreads failed with the following output:
Change Dir: /home/slbs/Desktop/code/ORB_SLAM2_dense/build/CMakeFiles/CMakeTmp

Run Build Command:"/usr/bin/make" "cmTC_78515/fast"
/usr/bin/make -f CMakeFiles/cmTC_78515.dir/build.make CMakeFiles/cmTC_78515.dir/build
make[1]: Entering directory '/home/slbs/Desktop/code/ORB_SLAM2_dense/build/CMakeFiles/CMakeTmp'
Building C object CMakeFiles/cmTC_78515.dir/CheckFunctionExists.c.o
/usr/bin/cc   -fPIC -DCHECK_FUNCTION_EXISTS=pthread_create   -o CMakeFiles/cmTC_78515.dir/CheckFunctionExists.c.o   -c /usr/share/cmake-3.10/Modules/CheckFunctionExists.c
Linking C executable cmTC_78515
/usr/bin/cmake -E cmake_link_script CMakeFiles/cmTC_78515.dir/link.txt --verbose=1
/usr/bin/cc -fPIC -DCHECK_FUNCTION_EXISTS=pthread_create    -rdynamic CMakeFiles/cmTC_78515.dir/CheckFunctionExists.c.o  -o cmTC_78515 -lpthreads 
/usr/bin/ld: cannot find -lpthreads
collect2: error: ld returned 1 exit status
CMakeFiles/cmTC_78515.dir/build.make:97: recipe for target 'cmTC_78515' failed
make[1]: *** [cmTC_78515] Error 1
make[1]: Leaving directory '/home/slbs/Desktop/code/ORB_SLAM2_dense/build/CMakeFiles/CMakeTmp'
Makefile:126: recipe for target 'cmTC_78515/fast' failed
make: *** [cmTC_78515/fast] Error 2


